CRITICAL - 2024-08-04 18:35:19 --> Error: Class "Locale" not found
[Method: GET, Route: /]
in SYSTEMPATH\CodeIgniter.php on line 190.
 1 SYSTEMPATH\Boot.php(312): CodeIgniter\CodeIgniter->initialize()
 2 SYSTEMPATH\Boot.php(101): CodeIgniter\Boot::initializeCodeIgniter()
 3 ROOTPATH\spark(84): CodeIgniter\Boot::bootSpark(Object(Config\Paths))
CRITICAL - 2024-08-04 18:35:20 --> ErrorException: Uncaught Error: Class "Locale" not found in C:\xampp\htdocs\CRUD-Alunos\system\I18n\TimeTrait.php:76
Stack trace:
#0 C:\xampp\htdocs\CRUD-Alunos\system\I18n\TimeTrait.php(117): CodeIgniter\I18n\Time->__construct(NULL, NULL, NULL)
#1 C:\xampp\htdocs\CRUD-Alunos\system\HTTP\ResponseTrait.php(395): CodeIgniter\I18n\Time::now()
#2 C:\xampp\htdocs\CRUD-Alunos\system\HTTP\ResponseTrait.php(373): CodeIgniter\HTTP\Response->sendHeaders()
#3 C:\xampp\htdocs\CRUD-Alunos\system\Debug\ExceptionHandler.php(83): CodeIgniter\HTTP\Response->send()
#4 C:\xampp\htdocs\CRUD-Alunos\system\Debug\Exceptions.php(163): CodeIgniter\Debug\ExceptionHandler->handle(Object(Error), Object(CodeIgniter\HTTP\IncomingRequest), Object(CodeIgniter\HTTP\Response), 500, 1)
#5 [internal function]: CodeIgniter\Debug\Exceptions->exceptionHandler(Object(Error))
#6 {main}
  thrown
【Previous Exception】
Error
Class "Locale" not found
#0 C:\xampp\htdocs\CRUD-Alunos\system\Boot.php(312): CodeIgniter\CodeIgniter->initialize()
#1 C:\xampp\htdocs\CRUD-Alunos\system\Boot.php(101): CodeIgniter\Boot::initializeCodeIgniter()
#2 C:\xampp\htdocs\CRUD-Alunos\spark(84): CodeIgniter\Boot::bootSpark(Object(Config\Paths))
#3 {main}
[Method: GET, Route: /]
in SYSTEMPATH\I18n\TimeTrait.php on line 76.
 1 [internal function]: CodeIgniter\Debug\Exceptions->shutdownHandler()
CRITICAL - 2024-08-04 19:09:01 --> Error: Cannot use object of type stdClass as array
[Method: POST, Route: student/1/subjects]
in APPPATH\Controllers\StudentController.php on line 95.
 1 SYSTEMPATH\CodeIgniter.php(933): App\Controllers\StudentController->saveSubjects('1')
 2 SYSTEMPATH\CodeIgniter.php(509): CodeIgniter\CodeIgniter->runController(Object(App\Controllers\StudentController))
 3 SYSTEMPATH\CodeIgniter.php(355): CodeIgniter\CodeIgniter->handleRequest(null, Object(Config\Cache), false)
 4 SYSTEMPATH\Boot.php(325): CodeIgniter\CodeIgniter->run()
 5 SYSTEMPATH\Boot.php(67): CodeIgniter\Boot::runCodeIgniter(Object(CodeIgniter\CodeIgniter))
 6 FCPATH\index.php(56): CodeIgniter\Boot::bootWeb(Object(Config\Paths))
 7 SYSTEMPATH\rewrite.php(44): require_once('C:\\xampp\\htdocs\\CRUD-Alunos\\public\\index.php')
CRITICAL - 2024-08-04 19:13:28 --> Error: Cannot use object of type stdClass as array
[Method: POST, Route: student/1/subjects]
in APPPATH\Controllers\StudentController.php on line 36.
 1 SYSTEMPATH\CodeIgniter.php(933): App\Controllers\StudentController->saveSubjects('1')
 2 SYSTEMPATH\CodeIgniter.php(509): CodeIgniter\CodeIgniter->runController(Object(App\Controllers\StudentController))
 3 SYSTEMPATH\CodeIgniter.php(355): CodeIgniter\CodeIgniter->handleRequest(null, Object(Config\Cache), false)
 4 SYSTEMPATH\Boot.php(325): CodeIgniter\CodeIgniter->run()
 5 SYSTEMPATH\Boot.php(67): CodeIgniter\Boot::runCodeIgniter(Object(CodeIgniter\CodeIgniter))
 6 FCPATH\index.php(56): CodeIgniter\Boot::bootWeb(Object(Config\Paths))
 7 SYSTEMPATH\rewrite.php(44): require_once('C:\\xampp\\htdocs\\CRUD-Alunos\\public\\index.php')
